<?xml version="1.0" encoding="utf-8"?><testsuites name="pytest tests"><testsuite name="pytest" errors="0" failures="0" skipped="0" tests="328" time="491.663" timestamp="2026-08-08T17:34:22.703371+02:00" hostname="macbook-pro-de-sacha.tail691902.ts.net"><testcase classname="s3tests.functional.test_s3" name="test_bucket_list_empty" time="0.239" /><testcase classname="s3tests.functional.test_s3" name="test_bucket_list_distinct" time="0.377" /><testcase classname="s3tests.functional.test_s3" name="test_basic_key_count" time="0.175" /><testcase classname="s3tests.functional.test_s3" name="test_bucket_list_delimiter_basic" time="1.191" /><testcase classname="s3tests.functional.test_s3" name="test_bucket_listv2_delimiter_basic" time="1.173" /><testcase classname="s3tests.functional.test_s3" name="test_bucket_listv2_encoding_basic" time="1.171" /><testcase classname="s3tests.functional.test_s3" name="test_bucket_list_encoding_basic" time="1.183" /><testcase classname="s3tests.functional.test_s3" name="test_bucket_listv2_delimiter_prefix_ends_with_delimiter" time="0.352" /><testcase classname="s3tests.functional.test_s3" name="test_bucket_list_delimiter_prefix_ends_with_delimiter" time="0.353" /><testcase classname="s3tests.functional.test_s3" name="test_bucket_list_delimiter_alt" time="1.198" /><testcase classname="s3tests.functional.test_s3" name="test_bucket_listv2_delimiter_alt" time="1.168" /><testcase classname="s3tests.functional.test_s3" name="test_bucket_list_delimiter_percentage" time="1.176" /><testcase classname="s3tests.functional.test_s3" name="test_bucket_listv2_delimiter_percentage" time="1.198" /><testcase classname="s3tests.functional.test_s3" name="test_bucket_list_delimiter_whitespace" time="1.175" /><testcase classname="s3tests.functional.test_s3" name="test_bucket_listv2_delimiter_whitespace" time="1.181" /><testcase classname="s3tests.functional.test_s3" name="test_bucket_list_delimiter_dot" time="1.203" /><testcase classname="s3tests.functional.test_s3" name="test_bucket_listv2_delimiter_dot" time="1.175" /><testcase classname="s3tests.functional.test_s3" name="test_bucket_list_delimiter_unreadable" time="1.174" /><testcase classname="s3tests.functional.test_s3" name="test_bucket_listv2_delimiter_unreadable" time="1.200" /><testcase classname="s3tests.functional.test_s3" name="test_bucket_list_delimiter_empty" time="1.179" /><testcase classname="s3tests.functional.test_s3" name="test_bucket_listv2_delimiter_empty" time="1.185" /><testcase classname="s3tests.functional.test_s3" name="test_bucket_list_delimiter_none" time="1.209" /><testcase classname="s3tests.functional.test_s3" name="test_bucket_listv2_delimiter_none" time="1.177" /><testcase classname="s3tests.functional.test_s3" name="test_bucket_listv2_fetchowner_notempty" time="0.903" /><testcase classname="s3tests.functional.test_s3" name="test_bucket_listv2_fetchowner_defaultempty" time="0.934" /><testcase classname="s3tests.functional.test_s3" name="test_bucket_listv2_fetchowner_empty" time="0.905" /><testcase classname="s3tests.functional.test_s3" name="test_bucket_list_delimiter_not_exist" time="1.179" /><testcase classname="s3tests.functional.test_s3" name="test_bucket_listv2_delimiter_not_exist" time="1.201" /><testcase classname="s3tests.functional.test_s3" name="test_bucket_list_prefix_basic" time="0.900" /><testcase classname="s3tests.functional.test_s3" name="test_bucket_listv2_prefix_basic" time="0.905" /><testcase classname="s3tests.functional.test_s3" name="test_bucket_list_prefix_alt" time="0.926" /><testcase classname="s3tests.functional.test_s3" name="test_bucket_listv2_prefix_alt" time="0.900" /><testcase classname="s3tests.functional.test_s3" name="test_bucket_list_prefix_empty" time="0.902" /><testcase classname="s3tests.functional.test_s3" name="test_bucket_listv2_prefix_empty" time="0.934" /><testcase classname="s3tests.functional.test_s3" name="test_bucket_list_prefix_none" time="0.903" /><testcase classname="s3tests.functional.test_s3" name="test_bucket_listv2_prefix_none" time="0.901" /><testcase classname="s3tests.functional.test_s3" name="test_bucket_list_prefix_not_exist" time="0.932" /><testcase classname="s3tests.functional.test_s3" name="test_bucket_listv2_prefix_not_exist" time="0.904" /><testcase classname="s3tests.functional.test_s3" name="test_bucket_listv2_prefix_unreadable" time="0.905" /><testcase classname="s3tests.functional.test_s3" name="test_bucket_list_prefix_delimiter_basic" time="1.205" /><testcase classname="s3tests.functional.test_s3" name="test_bucket_listv2_prefix_delimiter_basic" time="1.179" /><testcase classname="s3tests.functional.test_s3" name="test_bucket_list_prefix_delimiter_alt" time="1.197" /><testcase classname="s3tests.functional.test_s3" name="test_bucket_listv2_prefix_delimiter_alt" time="1.203" /><testcase classname="s3tests.functional.test_s3" name="test_bucket_list_prefix_delimiter_prefix_not_exist" time="1.176" /><testcase classname="s3tests.functional.test_s3" name="test_bucket_listv2_prefix_delimiter_prefix_not_exist" time="1.177" /><testcase classname="s3tests.functional.test_s3" name="test_bucket_list_prefix_delimiter_delimiter_not_exist" time="1.198" /><testcase classname="s3tests.functional.test_s3" name="test_bucket_listv2_prefix_delimiter_delimiter_not_exist" time="1.186" /><testcase classname="s3tests.functional.test_s3" name="test_bucket_list_prefix_delimiter_prefix_delimiter_not_exist" time="1.381" /><testcase classname="s3tests.functional.test_s3" name="test_bucket_listv2_prefix_delimiter_prefix_delimiter_not_exist" time="1.214" /><testcase classname="s3tests.functional.test_s3" name="test_bucket_list_maxkeys_zero" time="1.183" /><testcase classname="s3tests.functional.test_s3" name="test_bucket_listv2_maxkeys_zero" time="1.178" /><testcase classname="s3tests.functional.test_s3" name="test_bucket_list_maxkeys_none" time="1.197" /><testcase classname="s3tests.functional.test_s3" name="test_bucket_listv2_maxkeys_none" time="1.176" /><testcase classname="s3tests.functional.test_s3" name="test_bucket_list_maxkeys_invalid" time="1.182" /><testcase classname="s3tests.functional.test_s3" name="test_bucket_list_marker_none" time="1.204" /><testcase classname="s3tests.functional.test_s3" name="test_bucket_list_marker_empty" time="1.171" /><testcase classname="s3tests.functional.test_s3" name="test_bucket_listv2_continuationtoken_empty" time="1.178" /><testcase classname="s3tests.functional.test_s3" name="test_bucket_listv2_continuationtoken" time="1.199" /><testcase classname="s3tests.functional.test_s3" name="test_bucket_list_marker_unreadable" time="1.180" /><testcase classname="s3tests.functional.test_s3" name="test_bucket_listv2_startafter_unreadable" time="1.181" /><testcase classname="s3tests.functional.test_s3" name="test_bucket_list_marker_not_in_list" time="1.214" /><testcase classname="s3tests.functional.test_s3" name="test_bucket_listv2_startafter_not_in_list" time="1.181" /><testcase classname="s3tests.functional.test_s3" name="test_bucket_list_marker_after_list" time="1.180" /><testcase classname="s3tests.functional.test_s3" name="test_bucket_listv2_startafter_after_list" time="1.205" /><testcase classname="s3tests.functional.test_s3" name="test_bucket_list_objects_anonymous" time="0.089" /><testcase classname="s3tests.functional.test_s3" name="test_bucket_listv2_objects_anonymous" time="0.087" /><testcase classname="s3tests.functional.test_s3" name="test_bucket_list_objects_anonymous_fail" time="0.099" /><testcase classname="s3tests.functional.test_s3" name="test_bucket_listv2_objects_anonymous_fail" time="0.078" /><testcase classname="s3tests.functional.test_s3" name="test_bucket_notexist" time="0.042" /><testcase classname="s3tests.functional.test_s3" name="test_bucketv2_notexist" time="0.042" /><testcase classname="s3tests.functional.test_s3" name="test_bucket_delete_notexist" time="0.059" /><testcase classname="s3tests.functional.test_s3" name="test_bucket_delete_nonempty" time="0.366" /><testcase classname="s3tests.functional.test_s3" name="test_bucket_concurrent_set_canned_acl" time="0.563" /><testcase classname="s3tests.functional.test_s3" name="test_object_write_to_nonexist_bucket" time="0.064" /><testcase classname="s3tests.functional.test_s3" name="test_bucket_create_delete" time="0.072" /><testcase classname="s3tests.functional.test_s3" name="test_object_read_not_exist" time="0.074" /><testcase classname="s3tests.functional.test_s3" name="test_versioning_concurrent_multi_object_delete" time="4.888" /><testcase classname="s3tests.functional.test_s3" name="test_multi_object_delete" time="0.952" /><testcase classname="s3tests.functional.test_s3" name="test_multi_objectv2_delete" time="0.955" /><testcase classname="s3tests.functional.test_s3" name="test_object_head_zero_bytes" time="0.130" /><testcase classname="s3tests.functional.test_s3" name="test_object_write_check_etag" time="0.349" /><testcase classname="s3tests.functional.test_s3" name="test_object_write_cache_control" time="0.351" /><testcase classname="s3tests.functional.test_s3" name="test_object_write_expires" time="0.375" /><testcase classname="s3tests.functional.test_s3" name="test_object_write_read_update_read_delete" time="1.011" /><testcase classname="s3tests.functional.test_s3" name="test_object_set_get_metadata_none_to_good" time="0.548" /><testcase classname="s3tests.functional.test_s3" name="test_object_set_get_metadata_none_to_empty" time="0.546" /><testcase classname="s3tests.functional.test_s3" name="test_object_set_get_metadata_overwrite_to_empty" time="1.042" /><testcase classname="s3tests.functional.test_s3" name="test_object_metadata_replaced_on_put" time="0.809" /><testcase classname="s3tests.functional.test_s3" name="test_object_write_file" time="0.543" /><testcase classname="s3tests.functional.test_s3" name="test_post_object_anonymous_request" time="0.571" /><testcase classname="s3tests.functional.test_s3" name="test_post_object_authenticated_request" time="0.541" /><testcase classname="s3tests.functional.test_s3" name="test_post_object_authenticated_no_content_type" time="0.539" /><testcase classname="s3tests.functional.test_s3" name="test_post_object_authenticated_request_bad_access_key" time="0.066" /><testcase classname="s3tests.functional.test_s3" name="test_post_object_set_success_code" time="0.377" /><testcase classname="s3tests.functional.test_s3" name="test_post_object_set_invalid_success_code" time="0.344" /><testcase classname="s3tests.functional.test_s3" name="test_post_object_upload_larger_than_chunk" time="0.665" /><testcase classname="s3tests.functional.test_s3" name="test_post_object_ignored_header" time="0.370" /><testcase classname="s3tests.functional.test_s3" name="test_post_object_case_insensitive_condition_fields" time="0.347" /><testcase classname="s3tests.functional.test_s3" name="test_post_object_escaped_field_values" time="0.541" /><testcase classname="s3tests.functional.test_s3" name="test_post_object_success_redirect_action" time="0.540" /><testcase classname="s3tests.functional.test_s3" name="test_post_object_invalid_signature" time="0.091" /><testcase classname="s3tests.functional.test_s3" name="test_post_object_invalid_access_key" time="0.070" /><testcase classname="s3tests.functional.test_s3" name="test_post_object_no_key_specified" time="0.074" /><testcase classname="s3tests.functional.test_s3" name="test_post_object_missing_policy_condition" time="0.096" /><testcase classname="s3tests.functional.test_s3" name="test_post_object_user_specified_header" time="0.545" /><testcase classname="s3tests.functional.test_s3" name="test_post_object_request_missing_policy_specified_field" time="0.069" /><testcase classname="s3tests.functional.test_s3" name="test_post_object_condition_is_case_sensitive" time="0.071" /><testcase classname="s3tests.functional.test_s3" name="test_post_object_expires_is_case_sensitive" time="0.097" /><testcase classname="s3tests.functional.test_s3" name="test_post_object_expired_policy" time="0.069" /><testcase classname="s3tests.functional.test_s3" name="test_post_object_wrong_bucket" time="0.098" /><testcase classname="s3tests.functional.test_s3" name="test_post_object_invalid_request_field_value" time="0.093" /><testcase classname="s3tests.functional.test_s3" name="test_post_object_missing_expires_condition" time="0.072" /><testcase classname="s3tests.functional.test_s3" name="test_post_object_missing_conditions_list" time="0.071" /><testcase classname="s3tests.functional.test_s3" name="test_post_object_upload_size_limit_exceeded" time="0.071" /><testcase classname="s3tests.functional.test_s3" name="test_post_object_missing_content_length_argument" time="0.097" /><testcase classname="s3tests.functional.test_s3" name="test_post_object_invalid_content_length_argument" time="0.069" /><testcase classname="s3tests.functional.test_s3" name="test_post_object_upload_size_below_minimum" time="0.069" /><testcase classname="s3tests.functional.test_s3" name="test_post_object_upload_size_rgw_chunk_size_bug" time="0.751" /><testcase classname="s3tests.functional.test_s3" name="test_post_object_empty_conditions" time="0.073" /><testcase classname="s3tests.functional.test_s3" name="test_get_object_ifmatch_good" time="0.544" /><testcase classname="s3tests.functional.test_s3" name="test_get_object_ifmatch_failed" time="0.355" /><testcase classname="s3tests.functional.test_s3" name="test_get_object_ifnonematch_good" time="0.380" /><testcase classname="s3tests.functional.test_s3" name="test_get_object_ifnonematch_failed" time="0.542" /><testcase classname="s3tests.functional.test_s3" name="test_get_object_ifmodifiedsince_good" time="0.549" /><testcase classname="s3tests.functional.test_s3" name="test_get_object_ifunmodifiedsince_failed" time="0.574" /><testcase classname="s3tests.functional.test_s3" name="test_object_raw_get" time="0.099" /><testcase classname="s3tests.functional.test_s3" name="test_object_raw_get_bucket_gone" time="0.104" /><testcase classname="s3tests.functional.test_s3" name="test_object_delete_key_bucket_gone" time="0.122" /><testcase classname="s3tests.functional.test_s3" name="test_object_raw_get_object_gone" time="0.106" /><testcase classname="s3tests.functional.test_s3" name="test_bucket_head" time="0.068" /><testcase classname="s3tests.functional.test_s3" name="test_bucket_head_notexist" time="0.046" /><testcase classname="s3tests.functional.test_s3" name="test_object_raw_get_bucket_acl" time="0.122" /><testcase classname="s3tests.functional.test_s3" name="test_object_raw_get_object_acl" time="0.102" /><testcase classname="s3tests.functional.test_s3" name="test_object_put_acl_mtime" time="2.402" /><testcase classname="s3tests.functional.test_s3" name="test_object_raw_authenticated" time="0.125" /><testcase classname="s3tests.functional.test_s3" name="test_object_raw_response_headers" time="0.098" /><testcase classname="s3tests.functional.test_s3" name="test_object_raw_authenticated_bucket_acl" time="0.098" /><testcase classname="s3tests.functional.test_s3" name="test_object_raw_authenticated_object_acl" time="0.123" /><testcase classname="s3tests.functional.test_s3" name="test_object_raw_authenticated_bucket_gone" time="0.097" /><testcase classname="s3tests.functional.test_s3" name="test_object_raw_authenticated_object_gone" time="0.098" /><testcase classname="s3tests.functional.test_s3" name="test_object_raw_get_x_amz_expires_not_expired" time="0.096" /><testcase classname="s3tests.functional.test_s3" name="test_object_raw_get_x_amz_expires_not_expired_tenant" time="0.123" /><testcase classname="s3tests.functional.test_s3" name="test_object_raw_get_x_amz_expires_out_range_zero" time="0.117" /><testcase classname="s3tests.functional.test_s3" name="test_object_raw_get_x_amz_expires_out_max_range" time="0.096" /><testcase classname="s3tests.functional.test_s3" name="test_object_raw_get_x_amz_expires_out_positive_range" time="0.124" /><testcase classname="s3tests.functional.test_s3" name="test_object_anon_put" time="0.102" /><testcase classname="s3tests.functional.test_s3" name="test_object_anon_put_write_access" time="0.361" /><testcase classname="s3tests.functional.test_s3" name="test_object_put_authenticated" time="0.377" /><testcase classname="s3tests.functional.test_s3" name="test_object_presigned_put_object_with_acl" time="0.543" /><testcase classname="s3tests.functional.test_s3" name="test_object_presigned_put_object_with_acl_tenant" time="0.537" /><testcase classname="s3tests.functional.test_s3" name="test_object_raw_put_authenticated_expired" time="0.096" /><testcase classname="s3tests.functional.test_s3" name="test_bucket_create_naming_bad_short_one" time="0.068" /><testcase classname="s3tests.functional.test_s3" name="test_bucket_create_naming_bad_short_two" time="0.042" /><testcase classname="s3tests.functional.test_s3" name="test_bucket_create_naming_good_long_63" time="0.067" /><testcase classname="s3tests.functional.test_s3" name="test_bucket_create_exists" time="0.068" /><testcase classname="s3tests.functional.test_s3" name="test_bucket_acl_default" time="0.096" /><testcase classname="s3tests.functional.test_s3" name="test_bucket_acl_canned" time="0.080" /><testcase classname="s3tests.functional.test_s3" name="test_bucket_acl_canned_publicreadwrite" time="0.067" /><testcase classname="s3tests.functional.test_s3" name="test_bucket_acl_canned_authenticatedread" time="0.072" /><testcase classname="s3tests.functional.test_s3" name="test_put_bucket_acl_grant_group_read" time="0.116" /><testcase classname="s3tests.functional.test_s3" name="test_object_acl_default" time="0.349" /><testcase classname="s3tests.functional.test_s3" name="test_object_acl_canned_during_create" time="0.350" /><testcase classname="s3tests.functional.test_s3" name="test_object_acl_canned" time="0.389" /><testcase classname="s3tests.functional.test_s3" name="test_object_acl_canned_publicreadwrite" time="0.349" /><testcase classname="s3tests.functional.test_s3" name="test_object_acl_canned_authenticatedread" time="0.346" /><testcase classname="s3tests.functional.test_s3" name="test_object_acl_canned_bucketownerread" time="0.363" /><testcase classname="s3tests.functional.test_s3" name="test_object_acl_canned_bucketownerfullcontrol" time="0.392" /><testcase classname="s3tests.functional.test_s3" name="test_object_acl_full_control_verify_attributes" time="0.761" /><testcase classname="s3tests.functional.test_s3" name="test_bucket_acl_canned_private_to_private" time="0.081" /><testcase classname="s3tests.functional.test_s3" name="test_bucket_acl_grant_nonexist_user" time="0.101" /><testcase classname="s3tests.functional.test_s3" name="test_bucket_acl_grant_email_not_exist" time="0.079" /><testcase classname="s3tests.functional.test_s3" name="test_bucket_acl_revoke_all" time="0.375" /><testcase classname="s3tests.functional.test_s3" name="test_access_bucket_private_object_private" time="0.698" /><testcase classname="s3tests.functional.test_s3" name="test_access_bucket_private_objectv2_private" time="0.673" /><testcase classname="s3tests.functional.test_s3" name="test_access_bucket_private_object_publicread" time="0.889" /><testcase classname="s3tests.functional.test_s3" name="test_access_bucket_private_objectv2_publicread" time="0.868" /><testcase classname="s3tests.functional.test_s3" name="test_access_bucket_private_object_publicreadwrite" time="0.866" /><testcase classname="s3tests.functional.test_s3" name="test_access_bucket_private_objectv2_publicreadwrite" time="0.902" /><testcase classname="s3tests.functional.test_s3" name="test_access_bucket_publicread_object_private" time="0.672" /><testcase classname="s3tests.functional.test_s3" name="test_access_bucket_publicread_object_publicread" time="0.896" /><testcase classname="s3tests.functional.test_s3" name="test_access_bucket_publicread_object_publicreadwrite" time="0.867" /><testcase classname="s3tests.functional.test_s3" name="test_access_bucket_publicreadwrite_object_private" time="1.487" /><testcase classname="s3tests.functional.test_s3" name="test_access_bucket_publicreadwrite_object_publicread" time="1.654" /><testcase classname="s3tests.functional.test_s3" name="test_access_bucket_publicreadwrite_object_publicreadwrite" time="1.653" /><testcase classname="s3tests.functional.test_s3" name="test_buckets_create_then_list" time="0.185" /><testcase classname="s3tests.functional.test_s3" name="test_buckets_list_ctime" time="0.186" /><testcase classname="s3tests.functional.test_s3" name="test_list_buckets_invalid_auth" time="0.042" /><testcase classname="s3tests.functional.test_s3" name="test_list_buckets_bad_auth" time="0.043" /><testcase classname="s3tests.functional.test_s3" name="test_bucket_create_naming_good_starts_alpha" time="0.100" /><testcase classname="s3tests.functional.test_s3" name="test_bucket_create_naming_good_starts_digit" time="0.077" /><testcase classname="s3tests.functional.test_s3" name="test_bucket_create_naming_good_contains_period" time="0.065" /><testcase classname="s3tests.functional.test_s3" name="test_bucket_create_naming_good_contains_hyphen" time="0.066" /><testcase classname="s3tests.functional.test_s3" name="test_bucket_recreate_not_overriding" time="0.670" /><testcase classname="s3tests.functional.test_s3" name="test_bucket_list_special_prefix" time="1.464" /><testcase classname="s3tests.functional.test_s3" name="test_object_copy_to_itself" time="0.356" /><testcase classname="s3tests.functional.test_s3" name="test_object_copy_bucket_not_found" time="0.105" /><testcase classname="s3tests.functional.test_s3" name="test_object_copy_key_not_found" time="0.071" /><testcase classname="s3tests.functional.test_s3" name="test_multipart_upload_empty" time="0.087" /><testcase classname="s3tests.functional.test_s3" name="test_multipart_upload_multiple_sizes" time="8.236" /><testcase classname="s3tests.functional.test_s3" name="test_multipart_upload_size_too_small" time="2.748" /><testcase classname="s3tests.functional.test_s3" name="test_multipart_upload_overwrite_existing_object" time="3.146" /><testcase classname="s3tests.functional.test_s3" name="test_abort_multipart_upload" time="1.617" /><testcase classname="s3tests.functional.test_s3" name="test_abort_multipart_upload_not_found" time="0.110" /><testcase classname="s3tests.functional.test_s3" name="test_multipart_upload_missing_part" time="0.359" /><testcase classname="s3tests.functional.test_s3" name="test_multipart_upload_incorrect_etag" time="0.386" /><testcase classname="s3tests.functional.test_s3" name="test_set_cors" time="0.102" /><testcase classname="s3tests.functional.test_s3" name="test_cors_origin_response" time="3.136" /><testcase classname="s3tests.functional.test_s3" name="test_cors_origin_wildcard" time="3.129" /><testcase classname="s3tests.functional.test_s3" name="test_cors_header_option" time="3.102" /><testcase classname="s3tests.functional.test_s3" name="test_cors_presigned_get_object" time="0.112" /><testcase classname="s3tests.functional.test_s3" name="test_cors_presigned_get_object_tenant" time="0.111" /><testcase classname="s3tests.functional.test_s3" name="test_cors_presigned_put_object" time="0.134" /><testcase classname="s3tests.functional.test_s3" name="test_cors_presigned_put_object_with_acl" time="0.108" /><testcase classname="s3tests.functional.test_s3" name="test_cors_presigned_put_object_tenant" time="0.106" /><testcase classname="s3tests.functional.test_s3" name="test_cors_presigned_put_object_tenant_with_acl" time="0.112" /><testcase classname="s3tests.functional.test_s3" name="test_set_bucket_tagging" time="0.131" /><testcase classname="s3tests.functional.test_s3" name="test_atomic_read_1mb" time="1.123" /><testcase classname="s3tests.functional.test_s3" name="test_atomic_read_4mb" time="1.443" /><testcase classname="s3tests.functional.test_s3" name="test_atomic_read_8mb" time="2.668" /><testcase classname="s3tests.functional.test_s3" name="test_atomic_write_1mb" time="1.701" /><testcase classname="s3tests.functional.test_s3" name="test_atomic_write_4mb" time="1.879" /><testcase classname="s3tests.functional.test_s3" name="test_atomic_write_8mb" time="3.631" /><testcase classname="s3tests.functional.test_s3" name="test_atomic_dual_write_1mb" time="1.538" /><testcase classname="s3tests.functional.test_s3" name="test_atomic_dual_write_4mb" time="1.971" /><testcase classname="s3tests.functional.test_s3" name="test_atomic_dual_write_8mb" time="3.920" /><testcase classname="s3tests.functional.test_s3" name="test_atomic_multipart_upload_write" time="0.791" /><testcase classname="s3tests.functional.test_s3" name="test_ranged_request_invalid_range" time="0.356" /><testcase classname="s3tests.functional.test_s3" name="test_ranged_request_empty_object" time="0.096" /><testcase classname="s3tests.functional.test_s3" name="test_versioning_bucket_create_suspend" time="0.170" /><testcase classname="s3tests.functional.test_s3" name="test_versioning_obj_create_read_remove" time="25.860" /><testcase classname="s3tests.functional.test_s3" name="test_versioning_obj_create_read_remove_head" time="1.682" /><testcase classname="s3tests.functional.test_s3" name="test_versioning_obj_plain_null_version_removal" time="0.403" /><testcase classname="s3tests.functional.test_s3" name="test_versioning_obj_plain_null_version_overwrite" time="1.052" /><testcase classname="s3tests.functional.test_s3" name="test_versioning_obj_plain_null_version_overwrite_suspended" time="0.858" /><testcase classname="s3tests.functional.test_s3" name="test_versioning_obj_suspend_versions" time="10.197" /><testcase classname="s3tests.functional.test_s3" name="test_versioning_obj_create_versions_remove_all" time="13.507" /><testcase classname="s3tests.functional.test_s3" name="test_versioning_obj_create_versions_remove_special_names" time="53.801" /><testcase classname="s3tests.functional.test_s3" name="test_versioning_obj_list_marker" time="4.781" /><testcase classname="s3tests.functional.test_s3" name="test_versioning_multi_object_delete" time="0.668" /><testcase classname="s3tests.functional.test_s3" name="test_versioning_multi_object_delete_with_marker" time="0.725" /><testcase classname="s3tests.functional.test_s3" name="test_versioned_object_acl" time="0.964" /><testcase classname="s3tests.functional.test_s3" name="test_versioned_concurrent_object_create_concurrent_remove" time="2.186" /><testcase classname="s3tests.functional.test_s3" name="test_versioned_concurrent_object_create_and_remove" time="3.438" /><testcase classname="s3tests.functional.test_s3" name="test_lifecycle_set" time="0.088" /><testcase classname="s3tests.functional.test_s3" name="test_lifecycle_get" time="0.089" /><testcase classname="s3tests.functional.test_s3" name="test_lifecycle_delete" time="0.105" /><testcase classname="s3tests.functional.test_s3" name="test_lifecycle_get_no_id" time="0.112" /><testcase classname="s3tests.functional.test_s3" name="test_lifecycle_id_too_long" time="0.080" /><testcase classname="s3tests.functional.test_s3" name="test_lifecycle_same_id" time="0.078" /><testcase classname="s3tests.functional.test_s3" name="test_lifecycle_invalid_status" time="0.108" /><testcase classname="s3tests.functional.test_s3" name="test_lifecycle_set_date" time="0.086" /><testcase classname="s3tests.functional.test_s3" name="test_lifecycle_set_invalid_date" time="0.074" /><testcase classname="s3tests.functional.test_s3" name="test_lifecycle_expiration_days0" time="0.640" /><testcase classname="s3tests.functional.test_s3" name="test_lifecycle_expiration_header_put" time="0.398" /><testcase classname="s3tests.functional.test_s3" name="test_lifecycle_set_noncurrent" time="0.661" /><testcase classname="s3tests.functional.test_s3" name="test_lifecycle_set_deletemarker" time="0.091" /><testcase classname="s3tests.functional.test_s3" name="test_lifecycle_set_filter" time="0.113" /><testcase classname="s3tests.functional.test_s3" name="test_lifecycle_set_empty_filter" time="0.086" /><testcase classname="s3tests.functional.test_s3" name="test_lifecycle_set_multipart" time="0.086" /><testcase classname="s3tests.functional.test_s3" name="test_lifecycle_transition_set_invalid_date" time="0.079" /><testcase classname="s3tests.functional.test_s3" name="test_encryption_sse_c_method_head" time="0.390" /><testcase classname="s3tests.functional.test_s3" name="test_encryption_sse_c_present" time="0.357" /><testcase classname="s3tests.functional.test_s3" name="test_encryption_sse_c_other_key" time="0.361" /><testcase classname="s3tests.functional.test_s3" name="test_encryption_sse_c_invalid_md5" time="0.105" /><testcase classname="s3tests.functional.test_s3" name="test_encryption_sse_c_no_md5" time="0.076" /><testcase classname="s3tests.functional.test_s3" name="test_encryption_sse_c_no_key" time="0.078" /><testcase classname="s3tests.functional.test_s3" name="test_encryption_key_no_sse_c" time="0.098" /><testcase classname="s3tests.functional.test_s3" name="test_encryption_sse_c_multipart_bad_download" time="21.769" /><testcase classname="s3tests.functional.test_s3" name="test_sse_kms_no_key" time="0.078" /><testcase classname="s3tests.functional.test_s3" name="test_sse_kms_not_declared" time="0.074" /><testcase classname="s3tests.functional.test_s3" name="test_sse_kms_read_declare" time="0.389" /><testcase classname="s3tests.functional.test_s3" name="test_bucket_policy" time="0.378" /><testcase classname="s3tests.functional.test_s3" name="test_bucketv2_policy" time="0.373" /><testcase classname="s3tests.functional.test_s3" name="test_bucket_policy_acl" time="0.435" /><testcase classname="s3tests.functional.test_s3" name="test_bucketv2_policy_acl" time="0.411" /><testcase classname="s3tests.functional.test_s3" name="test_bucket_policy_different_tenant" time="0.373" /><testcase classname="s3tests.functional.test_s3" name="test_bucket_policy_multipart" time="0.144" /><testcase classname="s3tests.functional.test_s3" name="test_bucket_policy_tenanted_bucket" time="0.372" /><testcase classname="s3tests.functional.test_s3" name="test_bucket_policy_another_bucket" time="0.706" /><testcase classname="s3tests.functional.test_s3" name="test_bucketv2_policy_another_bucket" time="0.726" /><testcase classname="s3tests.functional.test_s3" name="test_set_get_del_bucket_policy" time="0.382" /><testcase classname="s3tests.functional.test_s3" name="test_set_multipart_tagging" time="0.428" /><testcase classname="s3tests.functional.test_s3" name="test_get_obj_head_tagging" time="0.995" /><testcase classname="s3tests.functional.test_s3" name="test_put_excess_tags" time="0.953" /><testcase classname="s3tests.functional.test_s3" name="test_put_max_kvsize_tags" time="0.968" /><testcase classname="s3tests.functional.test_s3" name="test_put_excess_key_tags" time="0.983" /><testcase classname="s3tests.functional.test_s3" name="test_put_excess_val_tags" time="0.955" /><testcase classname="s3tests.functional.test_s3" name="test_post_object_tags_authenticated_request" time="0.544" /><testcase classname="s3tests.functional.test_s3" name="test_versioning_bucket_atomic_upload_return_version_id" time="0.269" /><testcase classname="s3tests.functional.test_s3" name="test_versioning_bucket_multipart_upload_return_version_id" time="13.765" /><testcase classname="s3tests.functional.test_s3" name="test_bucket_policy_put_obj_acl" time="0.376" /><testcase classname="s3tests.functional.test_s3" name="test_bucket_policy_put_obj_grant" time="0.725" /><testcase classname="s3tests.functional.test_s3" name="test_put_obj_enc_conflict_c_s3" time="0.075" /><testcase classname="s3tests.functional.test_s3" name="test_put_obj_enc_conflict_c_kms" time="0.078" /><testcase classname="s3tests.functional.test_s3" name="test_put_obj_enc_conflict_s3_kms" time="0.108" /><testcase classname="s3tests.functional.test_s3" name="test_put_obj_enc_conflict_bad_enc_kms" time="0.075" /><testcase classname="s3tests.functional.test_s3" name="test_bucket_policy_put_obj_s3_kms" time="0.090" /><testcase classname="s3tests.functional.test_s3" name="test_bucket_policy_put_obj_kms_s3" time="0.119" /><testcase classname="s3tests.functional.test_s3" name="test_object_lock_put_obj_lock_invalid_bucket" time="0.073" /><testcase classname="s3tests.functional.test_s3" name="test_object_lock_put_obj_lock_enable_after_create" time="0.121" /><testcase classname="s3tests.functional.test_s3" name="test_object_lock_get_obj_lock_invalid_bucket" time="0.074" /><testcase classname="s3tests.functional.test_s3" name="test_object_lock_put_obj_retention_invalid_bucket" time="0.380" /><testcase classname="s3tests.functional.test_s3" name="test_object_lock_get_obj_retention_invalid_bucket" time="0.356" /><testcase classname="s3tests.functional.test_s3" name="test_object_lock_put_legal_hold_invalid_bucket" time="0.352" /><testcase classname="s3tests.functional.test_s3" name="test_object_lock_get_legal_hold_invalid_bucket" time="0.380" /><testcase classname="s3tests.functional.test_s3" name="test_get_bucket_policy_status" time="0.076" /><testcase classname="s3tests.functional.test_s3" name="test_get_public_acl_bucket_policy_status" time="0.087" /><testcase classname="s3tests.functional.test_s3" name="test_get_authpublic_acl_bucket_policy_status" time="0.087" /><testcase classname="s3tests.functional.test_s3" name="test_get_publicpolicy_acl_bucket_policy_status" time="0.121" /><testcase classname="s3tests.functional.test_s3" name="test_get_nonpublicpolicy_acl_bucket_policy_status" time="0.088" /><testcase classname="s3tests.functional.test_s3" name="test_get_nonpublicpolicy_principal_bucket_policy_status" time="0.085" /><testcase classname="s3tests.functional.test_s3" name="test_bucket_policy_allow_notprincipal" time="0.099" /><testcase classname="s3tests.functional.test_s3" name="test_block_public_put_bucket_acls" time="0.095" /><testcase classname="s3tests.functional.test_s3" name="test_block_public_object_canned_acls" time="0.117" /><testcase classname="s3tests.functional.test_s3" name="test_block_public_policy" time="0.088" /><testcase classname="s3tests.functional.test_s3" name="test_block_public_policy_with_principal" time="0.120" /><testcase classname="s3tests.functional.test_s3" name="test_ignore_public_acls" time="0.598" /><testcase classname="s3tests.functional.test_s3" name="test_multipart_upload_on_a_bucket_with_policy" time="7.581" /><testcase classname="s3tests.functional.test_s3" name="test_put_bucket_encryption_s3" time="0.112" /><testcase classname="s3tests.functional.test_s3" name="test_put_bucket_encryption_kms" time="0.084" /><testcase classname="s3tests.functional.test_s3" name="test_get_bucket_encryption_s3" time="0.090" /><testcase classname="s3tests.functional.test_s3" name="test_get_bucket_encryption_kms" time="0.106" /><testcase classname="s3tests.functional.test_s3" name="test_delete_bucket_encryption_s3" time="0.130" /><testcase classname="s3tests.functional.test_s3" name="test_delete_bucket_encryption_kms" time="0.102" /><testcase classname="s3tests.functional.test_s3" name="test_object_checksum_sha256" time="67.404" /><testcase classname="s3tests.functional.test_s3" name="test_object_checksum_crc64nvme" time="71.198" /><testcase classname="s3tests.functional.test_s3" name="test_upload_part_copy_percent_encoded_key" time="0.840" /><testcase classname="s3tests.functional.test_s3" name="test_head_object_404_with_policy_prefix" time="0.092" /></testsuite></testsuites>