<?xml version="1.0" encoding="utf-8"?><testsuites name="pytest tests"><testsuite name="pytest" errors="0" failures="0" skipped="0" tests="94" time="303.036" timestamp="2026-08-08T17:42:34.624301+02:00" hostname="macbook-pro-de-sacha.tail691902.ts.net"><testcase classname="s3tests.functional.test_s3" name="test_bucket_create_special_key_names" time="6.005" /><testcase classname="s3tests.functional.test_s3" name="test_bucket_list_many" time="0.910" /><testcase classname="s3tests.functional.test_s3" name="test_bucket_listv2_many" time="0.935" /><testcase classname="s3tests.functional.test_s3" name="test_bucket_policy_put_obj_kms_noenc" time="0.124" /><testcase classname="s3tests.functional.test_s3" name="test_bucket_policy_put_obj_s3_incorrect_algo_sse_s3" time="0.118" /><testcase classname="s3tests.functional.test_s3" name="test_bucket_policy_put_obj_s3_noenc" time="0.123" /><testcase classname="s3tests.functional.test_s3" name="test_copy_object_ifmatch_good" time="0.602" /><testcase classname="s3tests.functional.test_s3" name="test_copy_object_ifnonematch_failed" time="0.577" /><testcase classname="s3tests.functional.test_s3" name="test_delete_marker_suspended" time="0.419" /><testcase classname="s3tests.functional.test_s3" name="test_delete_marker_versioned" time="0.420" /><testcase classname="s3tests.functional.test_s3" name="test_delete_tags_obj_public" time="0.987" /><testcase classname="s3tests.functional.test_s3" name="test_encrypted_transfer_13b" time="0.550" /><testcase classname="s3tests.functional.test_s3" name="test_encrypted_transfer_1MB" time="1.120" /><testcase classname="s3tests.functional.test_s3" name="test_encrypted_transfer_1b" time="0.550" /><testcase classname="s3tests.functional.test_s3" name="test_encrypted_transfer_1kb" time="0.558" /><testcase classname="s3tests.functional.test_s3" name="test_encryption_sse_c_post_object_authenticated_request" time="0.575" /><testcase classname="s3tests.functional.test_s3" name="test_get_obj_tagging" time="0.961" /><testcase classname="s3tests.functional.test_s3" name="test_get_object_ifmodifiedsince_failed" time="1.570" /><testcase classname="s3tests.functional.test_s3" name="test_get_object_ifunmodifiedsince_good" time="0.380" /><testcase classname="s3tests.functional.test_s3" name="test_get_tags_acl_public" time="0.975" /><testcase classname="s3tests.functional.test_s3" name="test_list_multipart_upload" time="2.702" /><testcase classname="s3tests.functional.test_s3" name="test_multipart_upload" time="22.733" /><testcase classname="s3tests.functional.test_s3" name="test_multipart_upload_complete_without_create" time="0.081" /><testcase classname="s3tests.functional.test_s3" name="test_multipart_upload_contents" time="4.137" /><testcase classname="s3tests.functional.test_s3" name="test_multipart_upload_resend_part" time="121.965" /><testcase classname="s3tests.functional.test_s3" name="test_multipart_upload_small" time="0.641" /><testcase classname="s3tests.functional.test_s3" name="test_object_copy_16m" time="2.658" /><testcase classname="s3tests.functional.test_s3" name="test_object_copy_diff_bucket" time="0.618" /><testcase classname="s3tests.functional.test_s3" name="test_object_copy_replacing_metadata" time="1.193" /><testcase classname="s3tests.functional.test_s3" name="test_object_copy_retaining_metadata" time="1.165" /><testcase classname="s3tests.functional.test_s3" name="test_object_copy_same_bucket" time="0.586" /><testcase classname="s3tests.functional.test_s3" name="test_object_copy_to_itself_with_metadata" time="0.597" /><testcase classname="s3tests.functional.test_s3" name="test_object_copy_verify_contenttype" time="0.586" /><testcase classname="s3tests.functional.test_s3" name="test_object_copy_versioned_bucket" time="1.773" /><testcase classname="s3tests.functional.test_s3" name="test_object_copy_versioned_url_encoding" time="0.175" /><testcase classname="s3tests.functional.test_s3" name="test_object_copy_versioning_multipart_upload" time="18.730" /><testcase classname="s3tests.functional.test_s3" name="test_object_copy_zero_size" time="0.410" /><testcase classname="s3tests.functional.test_s3" name="test_object_lock_changing_mode_from_compliance" time="9.992" /><testcase classname="s3tests.functional.test_s3" name="test_object_lock_changing_mode_from_governance_with_bypass" time="9.995" /><testcase classname="s3tests.functional.test_s3" name="test_object_lock_changing_mode_from_governance_without_bypass" time="0.362" /><testcase classname="s3tests.functional.test_s3" name="test_object_lock_delete_multipart_object_with_legal_hold_on" time="0.446" /><testcase classname="s3tests.functional.test_s3" name="test_object_lock_delete_multipart_object_with_retention" time="0.413" /><testcase classname="s3tests.functional.test_s3" name="test_object_lock_delete_object_with_legal_hold_off" time="0.370" /><testcase classname="s3tests.functional.test_s3" name="test_object_lock_delete_object_with_legal_hold_on" time="0.386" /><testcase classname="s3tests.functional.test_s3" name="test_object_lock_delete_object_with_retention" time="0.399" /><testcase classname="s3tests.functional.test_s3" name="test_object_lock_delete_object_with_retention_and_marker" time="0.397" /><testcase classname="s3tests.functional.test_s3" name="test_object_lock_get_legal_hold" time="0.382" /><testcase classname="s3tests.functional.test_s3" name="test_object_lock_get_obj_lock" time="0.088" /><testcase classname="s3tests.functional.test_s3" name="test_object_lock_get_obj_metadata" time="0.425" /><testcase classname="s3tests.functional.test_s3" name="test_object_lock_get_obj_retention" time="0.372" /><testcase classname="s3tests.functional.test_s3" name="test_object_lock_get_obj_retention_iso8601" time="0.375" /><testcase classname="s3tests.functional.test_s3" name="test_object_lock_multi_delete_object_with_retention" time="0.670" /><testcase classname="s3tests.functional.test_s3" name="test_object_lock_put_legal_hold" time="0.380" /><testcase classname="s3tests.functional.test_s3" name="test_object_lock_put_legal_hold_invalid_status" time="0.359" /><testcase classname="s3tests.functional.test_s3" name="test_object_lock_put_obj_lock" time="0.101" /><testcase classname="s3tests.functional.test_s3" name="test_object_lock_put_obj_lock_invalid_days" time="0.102" /><testcase classname="s3tests.functional.test_s3" name="test_object_lock_put_obj_lock_invalid_mode" time="0.081" /><testcase classname="s3tests.functional.test_s3" name="test_object_lock_put_obj_lock_invalid_status" time="0.076" /><testcase classname="s3tests.functional.test_s3" name="test_object_lock_put_obj_lock_invalid_years" time="0.078" /><testcase classname="s3tests.functional.test_s3" name="test_object_lock_put_obj_lock_with_days_and_years" time="0.105" /><testcase classname="s3tests.functional.test_s3" name="test_object_lock_put_obj_retention" time="0.367" /><testcase classname="s3tests.functional.test_s3" name="test_object_lock_put_obj_retention_increase_period" time="0.384" /><testcase classname="s3tests.functional.test_s3" name="test_object_lock_put_obj_retention_invalid_mode" time="0.362" /><testcase classname="s3tests.functional.test_s3" name="test_object_lock_put_obj_retention_override_default_retention" time="0.413" /><testcase classname="s3tests.functional.test_s3" name="test_object_lock_put_obj_retention_shorten_period" time="0.372" /><testcase classname="s3tests.functional.test_s3" name="test_object_lock_put_obj_retention_shorten_period_bypass" time="0.386" /><testcase classname="s3tests.functional.test_s3" name="test_object_lock_put_obj_retention_versionid" time="0.685" /><testcase classname="s3tests.functional.test_s3" name="test_object_lock_suspend_versioning" time="0.079" /><testcase classname="s3tests.functional.test_s3" name="test_object_lock_uploading_obj" time="0.373" /><testcase classname="s3tests.functional.test_s3" name="test_put_delete_tags" time="0.984" /><testcase classname="s3tests.functional.test_s3" name="test_put_max_tags" time="0.991" /><testcase classname="s3tests.functional.test_s3" name="test_put_modify_tags" time="0.983" /><testcase classname="s3tests.functional.test_s3" name="test_put_obj_with_tags" time="0.557" /><testcase classname="s3tests.functional.test_s3" name="test_put_tags_acl_public" time="1.007" /><testcase classname="s3tests.functional.test_s3" name="test_sse_kms_method_head" time="0.371" /><testcase classname="s3tests.functional.test_s3" name="test_sse_kms_multipart_invalid_chunks_1" time="4.821" /><testcase classname="s3tests.functional.test_s3" name="test_sse_kms_multipart_invalid_chunks_2" time="4.574" /><testcase classname="s3tests.functional.test_s3" name="test_sse_kms_multipart_upload" time="22.854" /><testcase classname="s3tests.functional.test_s3" name="test_sse_kms_post_object_authenticated_request" time="0.558" /><testcase classname="s3tests.functional.test_s3" name="test_sse_kms_present" time="0.584" /><testcase classname="s3tests.functional.test_s3" name="test_sse_kms_transfer_13b" time="0.554" /><testcase classname="s3tests.functional.test_s3" name="test_sse_kms_transfer_1MB" time="0.609" /><testcase classname="s3tests.functional.test_s3" name="test_sse_kms_transfer_1b" time="0.560" /><testcase classname="s3tests.functional.test_s3" name="test_sse_kms_transfer_1kb" time="0.575" /><testcase classname="s3tests.functional.test_s3" name="test_sse_s3_encrypted_upload_1b" time="0.559" /><testcase classname="s3tests.functional.test_s3" name="test_sse_s3_encrypted_upload_1kb" time="0.556" /><testcase classname="s3tests.functional.test_s3" name="test_sse_s3_encrypted_upload_1mb" time="0.633" /><testcase classname="s3tests.functional.test_s3" name="test_sse_s3_encrypted_upload_8mb" time="1.388" /><testcase classname="s3tests.functional.test_s3" name="test_versioned_object_acl_no_version_specified" time="1.156" /><testcase classname="s3tests.functional.test_s3" name="test_versioning_copy_obj_version" time="2.556" /><testcase classname="s3tests.functional.test_s3" name="test_versioning_multi_object_delete_with_marker_create" time="0.127" /><testcase classname="s3tests.functional.test_s3" name="test_versioning_obj_create_overwrite_multipart" time="24.495" /><testcase classname="s3tests.functional.test_s3" name="test_versioning_obj_suspended_copy" time="1.213" /><testcase classname="s3tests.functional.test_s3" name="test_versioning_stack_delete_merkers" time="0.464" /></testsuite></testsuites>