<?xml version="1.0" encoding="utf-8"?><testsuites name="pytest tests"><testsuite name="pytest" errors="0" failures="0" skipped="0" tests="94" time="311.405" timestamp="2026-08-08T13:18:39.733199+02:00" hostname="macbook-pro-de-sacha.tail691902.ts.net"><testcase classname="s3tests.functional.test_s3" name="test_bucket_create_special_key_names" time="6.479" /><testcase classname="s3tests.functional.test_s3" name="test_bucket_list_many" time="1.014" /><testcase classname="s3tests.functional.test_s3" name="test_bucket_listv2_many" time="1.033" /><testcase classname="s3tests.functional.test_s3" name="test_bucket_policy_put_obj_kms_noenc" time="0.174" /><testcase classname="s3tests.functional.test_s3" name="test_bucket_policy_put_obj_s3_incorrect_algo_sse_s3" time="0.167" /><testcase classname="s3tests.functional.test_s3" name="test_bucket_policy_put_obj_s3_noenc" time="0.172" /><testcase classname="s3tests.functional.test_s3" name="test_copy_object_ifmatch_good" time="0.675" /><testcase classname="s3tests.functional.test_s3" name="test_copy_object_ifnonematch_failed" time="0.649" /><testcase classname="s3tests.functional.test_s3" name="test_delete_marker_suspended" time="0.504" /><testcase classname="s3tests.functional.test_s3" name="test_delete_marker_versioned" time="0.491" /><testcase classname="s3tests.functional.test_s3" name="test_delete_tags_obj_public" time="1.061" /><testcase classname="s3tests.functional.test_s3" name="test_encrypted_transfer_13b" time="0.618" /><testcase classname="s3tests.functional.test_s3" name="test_encrypted_transfer_1MB" time="1.180" /><testcase classname="s3tests.functional.test_s3" name="test_encrypted_transfer_1b" time="0.614" /><testcase classname="s3tests.functional.test_s3" name="test_encrypted_transfer_1kb" time="0.613" /><testcase classname="s3tests.functional.test_s3" name="test_encryption_sse_c_post_object_authenticated_request" time="0.638" /><testcase classname="s3tests.functional.test_s3" name="test_get_obj_tagging" time="1.026" /><testcase classname="s3tests.functional.test_s3" name="test_get_object_ifmodifiedsince_failed" time="1.664" /><testcase classname="s3tests.functional.test_s3" name="test_get_object_ifunmodifiedsince_good" time="0.435" /><testcase classname="s3tests.functional.test_s3" name="test_get_tags_acl_public" time="1.037" /><testcase classname="s3tests.functional.test_s3" name="test_list_multipart_upload" time="2.798" /><testcase classname="s3tests.functional.test_s3" name="test_multipart_upload" time="23.284" /><testcase classname="s3tests.functional.test_s3" name="test_multipart_upload_complete_without_create" time="0.114" /><testcase classname="s3tests.functional.test_s3" name="test_multipart_upload_contents" time="4.213" /><testcase classname="s3tests.functional.test_s3" name="test_multipart_upload_resend_part" time="123.755" /><testcase classname="s3tests.functional.test_s3" name="test_multipart_upload_small" time="0.707" /><testcase classname="s3tests.functional.test_s3" name="test_object_copy_16m" time="2.705" /><testcase classname="s3tests.functional.test_s3" name="test_object_copy_diff_bucket" time="0.711" /><testcase classname="s3tests.functional.test_s3" name="test_object_copy_replacing_metadata" time="1.305" /><testcase classname="s3tests.functional.test_s3" name="test_object_copy_retaining_metadata" time="1.294" /><testcase classname="s3tests.functional.test_s3" name="test_object_copy_same_bucket" time="0.661" /><testcase classname="s3tests.functional.test_s3" name="test_object_copy_to_itself_with_metadata" time="0.659" /><testcase classname="s3tests.functional.test_s3" name="test_object_copy_verify_contenttype" time="0.669" /><testcase classname="s3tests.functional.test_s3" name="test_object_copy_versioned_bucket" time="1.976" /><testcase classname="s3tests.functional.test_s3" name="test_object_copy_versioned_url_encoding" time="0.253" /><testcase classname="s3tests.functional.test_s3" name="test_object_copy_versioning_multipart_upload" time="18.926" /><testcase classname="s3tests.functional.test_s3" name="test_object_copy_zero_size" time="0.487" /><testcase classname="s3tests.functional.test_s3" name="test_object_lock_changing_mode_from_compliance" time="9.337" /><testcase classname="s3tests.functional.test_s3" name="test_object_lock_changing_mode_from_governance_with_bypass" time="10.001" /><testcase classname="s3tests.functional.test_s3" name="test_object_lock_changing_mode_from_governance_without_bypass" time="0.412" /><testcase classname="s3tests.functional.test_s3" name="test_object_lock_delete_multipart_object_with_legal_hold_on" time="0.509" /><testcase classname="s3tests.functional.test_s3" name="test_object_lock_delete_multipart_object_with_retention" time="0.468" /><testcase classname="s3tests.functional.test_s3" name="test_object_lock_delete_object_with_legal_hold_off" time="0.414" /><testcase classname="s3tests.functional.test_s3" name="test_object_lock_delete_object_with_legal_hold_on" time="0.448" /><testcase classname="s3tests.functional.test_s3" name="test_object_lock_delete_object_with_retention" time="0.447" /><testcase classname="s3tests.functional.test_s3" name="test_object_lock_delete_object_with_retention_and_marker" time="0.482" /><testcase classname="s3tests.functional.test_s3" name="test_object_lock_get_legal_hold" time="0.442" /><testcase classname="s3tests.functional.test_s3" name="test_object_lock_get_obj_lock" time="0.124" /><testcase classname="s3tests.functional.test_s3" name="test_object_lock_get_obj_metadata" time="0.480" /><testcase classname="s3tests.functional.test_s3" name="test_object_lock_get_obj_retention" time="0.421" /><testcase classname="s3tests.functional.test_s3" name="test_object_lock_get_obj_retention_iso8601" time="0.432" /><testcase classname="s3tests.functional.test_s3" name="test_object_lock_multi_delete_object_with_retention" time="0.732" /><testcase classname="s3tests.functional.test_s3" name="test_object_lock_put_legal_hold" time="0.432" /><testcase classname="s3tests.functional.test_s3" name="test_object_lock_put_legal_hold_invalid_status" time="0.406" /><testcase classname="s3tests.functional.test_s3" name="test_object_lock_put_obj_lock" time="0.139" /><testcase classname="s3tests.functional.test_s3" name="test_object_lock_put_obj_lock_invalid_days" time="0.131" /><testcase classname="s3tests.functional.test_s3" name="test_object_lock_put_obj_lock_invalid_mode" time="0.113" /><testcase classname="s3tests.functional.test_s3" name="test_object_lock_put_obj_lock_invalid_status" time="0.106" /><testcase classname="s3tests.functional.test_s3" name="test_object_lock_put_obj_lock_invalid_years" time="0.113" /><testcase classname="s3tests.functional.test_s3" name="test_object_lock_put_obj_lock_with_days_and_years" time="0.130" /><testcase classname="s3tests.functional.test_s3" name="test_object_lock_put_obj_retention" time="0.421" /><testcase classname="s3tests.functional.test_s3" name="test_object_lock_put_obj_retention_increase_period" time="0.441" /><testcase classname="s3tests.functional.test_s3" name="test_object_lock_put_obj_retention_invalid_mode" time="0.414" /><testcase classname="s3tests.functional.test_s3" name="test_object_lock_put_obj_retention_override_default_retention" time="0.465" /><testcase classname="s3tests.functional.test_s3" name="test_object_lock_put_obj_retention_shorten_period" time="0.431" /><testcase classname="s3tests.functional.test_s3" name="test_object_lock_put_obj_retention_shorten_period_bypass" time="0.448" /><testcase classname="s3tests.functional.test_s3" name="test_object_lock_put_obj_retention_versionid" time="0.744" /><testcase classname="s3tests.functional.test_s3" name="test_object_lock_suspend_versioning" time="0.109" /><testcase classname="s3tests.functional.test_s3" name="test_object_lock_uploading_obj" time="0.427" /><testcase classname="s3tests.functional.test_s3" name="test_put_delete_tags" time="1.043" /><testcase classname="s3tests.functional.test_s3" name="test_put_max_tags" time="1.043" /><testcase classname="s3tests.functional.test_s3" name="test_put_modify_tags" time="1.050" /><testcase classname="s3tests.functional.test_s3" name="test_put_obj_with_tags" time="0.622" /><testcase classname="s3tests.functional.test_s3" name="test_put_tags_acl_public" time="1.058" /><testcase classname="s3tests.functional.test_s3" name="test_sse_kms_method_head" time="0.426" /><testcase classname="s3tests.functional.test_s3" name="test_sse_kms_multipart_invalid_chunks_1" time="4.616" /><testcase classname="s3tests.functional.test_s3" name="test_sse_kms_multipart_invalid_chunks_2" time="4.646" /><testcase classname="s3tests.functional.test_s3" name="test_sse_kms_multipart_upload" time="23.188" /><testcase classname="s3tests.functional.test_s3" name="test_sse_kms_post_object_authenticated_request" time="0.615" /><testcase classname="s3tests.functional.test_s3" name="test_sse_kms_present" time="0.642" /><testcase classname="s3tests.functional.test_s3" name="test_sse_kms_transfer_13b" time="0.612" /><testcase classname="s3tests.functional.test_s3" name="test_sse_kms_transfer_1MB" time="0.667" /><testcase classname="s3tests.functional.test_s3" name="test_sse_kms_transfer_1b" time="0.614" /><testcase classname="s3tests.functional.test_s3" name="test_sse_kms_transfer_1kb" time="0.635" /><testcase classname="s3tests.functional.test_s3" name="test_sse_s3_encrypted_upload_1b" time="0.612" /><testcase classname="s3tests.functional.test_s3" name="test_sse_s3_encrypted_upload_1kb" time="0.611" /><testcase classname="s3tests.functional.test_s3" name="test_sse_s3_encrypted_upload_1mb" time="0.687" /><testcase classname="s3tests.functional.test_s3" name="test_sse_s3_encrypted_upload_8mb" time="1.433" /><testcase classname="s3tests.functional.test_s3" name="test_versioned_object_acl_no_version_specified" time="1.276" /><testcase classname="s3tests.functional.test_s3" name="test_versioning_copy_obj_version" time="2.788" /><testcase classname="s3tests.functional.test_s3" name="test_versioning_multi_object_delete_with_marker_create" time="0.182" /><testcase classname="s3tests.functional.test_s3" name="test_versioning_obj_create_overwrite_multipart" time="24.762" /><testcase classname="s3tests.functional.test_s3" name="test_versioning_obj_suspended_copy" time="1.342" /><testcase classname="s3tests.functional.test_s3" name="test_versioning_stack_delete_merkers" time="0.538" /></testsuite></testsuites>