<?xml version="1.0" encoding="utf-8"?><testsuites name="pytest tests"><testsuite name="pytest" errors="0" failures="0" skipped="0" tests="161" time="263.863" timestamp="2026-08-08T06:47:48.812051+02:00" hostname="macbook-pro-de-sacha.tail691902.ts.net"><testcase classname="s3tests.functional.test_s3" name="test_bucket_list_empty" time="0.212" /><testcase classname="s3tests.functional.test_s3" name="test_bucket_list_distinct" time="0.375" /><testcase classname="s3tests.functional.test_s3" name="test_basic_key_count" time="0.175" /><testcase classname="s3tests.functional.test_s3" name="test_bucket_list_delimiter_basic" time="1.185" /><testcase classname="s3tests.functional.test_s3" name="test_bucket_listv2_delimiter_basic" time="1.162" /><testcase classname="s3tests.functional.test_s3" name="test_bucket_listv2_encoding_basic" time="1.162" /><testcase classname="s3tests.functional.test_s3" name="test_bucket_list_encoding_basic" time="1.181" /><testcase classname="s3tests.functional.test_s3" name="test_bucket_listv2_delimiter_prefix_ends_with_delimiter" time="0.344" /><testcase classname="s3tests.functional.test_s3" name="test_bucket_list_delimiter_prefix_ends_with_delimiter" time="0.345" /><testcase classname="s3tests.functional.test_s3" name="test_bucket_list_delimiter_alt" time="1.184" /><testcase classname="s3tests.functional.test_s3" name="test_bucket_listv2_delimiter_alt" time="1.162" /><testcase classname="s3tests.functional.test_s3" name="test_bucket_list_delimiter_percentage" time="1.160" /><testcase classname="s3tests.functional.test_s3" name="test_bucket_listv2_delimiter_percentage" time="1.187" /><testcase classname="s3tests.functional.test_s3" name="test_bucket_list_delimiter_whitespace" time="1.165" /><testcase classname="s3tests.functional.test_s3" name="test_bucket_listv2_delimiter_whitespace" time="1.161" /><testcase classname="s3tests.functional.test_s3" name="test_bucket_list_delimiter_dot" time="1.188" /><testcase classname="s3tests.functional.test_s3" name="test_bucket_listv2_delimiter_dot" time="1.165" /><testcase classname="s3tests.functional.test_s3" name="test_bucket_list_delimiter_unreadable" time="1.175" /><testcase classname="s3tests.functional.test_s3" name="test_bucket_listv2_delimiter_unreadable" time="1.185" /><testcase classname="s3tests.functional.test_s3" name="test_bucket_list_delimiter_empty" time="1.163" /><testcase classname="s3tests.functional.test_s3" name="test_bucket_listv2_delimiter_empty" time="1.166" /><testcase classname="s3tests.functional.test_s3" name="test_bucket_list_delimiter_none" time="1.190" /><testcase classname="s3tests.functional.test_s3" name="test_bucket_listv2_delimiter_none" time="1.169" /><testcase classname="s3tests.functional.test_s3" name="test_bucket_listv2_fetchowner_notempty" time="0.903" /><testcase classname="s3tests.functional.test_s3" name="test_bucket_listv2_fetchowner_defaultempty" time="0.928" /><testcase classname="s3tests.functional.test_s3" name="test_bucket_listv2_fetchowner_empty" time="0.899" /><testcase classname="s3tests.functional.test_s3" name="test_bucket_list_delimiter_not_exist" time="1.165" /><testcase classname="s3tests.functional.test_s3" name="test_bucket_listv2_delimiter_not_exist" time="1.188" /><testcase classname="s3tests.functional.test_s3" name="test_bucket_list_prefix_basic" time="0.889" /><testcase classname="s3tests.functional.test_s3" name="test_bucket_listv2_prefix_basic" time="0.891" /><testcase classname="s3tests.functional.test_s3" name="test_bucket_list_prefix_alt" time="0.918" /><testcase classname="s3tests.functional.test_s3" name="test_bucket_listv2_prefix_alt" time="0.894" /><testcase classname="s3tests.functional.test_s3" name="test_bucket_list_prefix_empty" time="0.889" /><testcase classname="s3tests.functional.test_s3" name="test_bucket_listv2_prefix_empty" time="0.920" /><testcase classname="s3tests.functional.test_s3" name="test_bucket_list_prefix_none" time="0.898" /><testcase classname="s3tests.functional.test_s3" name="test_bucket_listv2_prefix_none" time="0.896" /><testcase classname="s3tests.functional.test_s3" name="test_bucket_list_prefix_not_exist" time="0.915" /><testcase classname="s3tests.functional.test_s3" name="test_bucket_listv2_prefix_not_exist" time="0.896" /><testcase classname="s3tests.functional.test_s3" name="test_bucket_listv2_prefix_unreadable" time="0.893" /><testcase classname="s3tests.functional.test_s3" name="test_bucket_list_prefix_delimiter_basic" time="1.187" /><testcase classname="s3tests.functional.test_s3" name="test_bucket_listv2_prefix_delimiter_basic" time="1.167" /><testcase classname="s3tests.functional.test_s3" name="test_bucket_list_prefix_delimiter_alt" time="1.162" /><testcase classname="s3tests.functional.test_s3" name="test_bucket_listv2_prefix_delimiter_alt" time="1.189" /><testcase classname="s3tests.functional.test_s3" name="test_bucket_list_prefix_delimiter_prefix_not_exist" time="1.163" /><testcase classname="s3tests.functional.test_s3" name="test_bucket_listv2_prefix_delimiter_prefix_not_exist" time="1.163" /><testcase classname="s3tests.functional.test_s3" name="test_bucket_list_prefix_delimiter_delimiter_not_exist" time="1.194" /><testcase classname="s3tests.functional.test_s3" name="test_bucket_listv2_prefix_delimiter_delimiter_not_exist" time="1.169" /><testcase classname="s3tests.functional.test_s3" name="test_bucket_list_prefix_delimiter_prefix_delimiter_not_exist" time="1.450" /><testcase classname="s3tests.functional.test_s3" name="test_bucket_listv2_prefix_delimiter_prefix_delimiter_not_exist" time="1.190" /><testcase classname="s3tests.functional.test_s3" name="test_bucket_list_maxkeys_zero" time="1.172" /><testcase classname="s3tests.functional.test_s3" name="test_bucket_listv2_maxkeys_zero" time="1.166" /><testcase classname="s3tests.functional.test_s3" name="test_bucket_list_maxkeys_none" time="1.195" /><testcase classname="s3tests.functional.test_s3" name="test_bucket_listv2_maxkeys_none" time="1.177" /><testcase classname="s3tests.functional.test_s3" name="test_bucket_list_maxkeys_invalid" time="1.174" /><testcase classname="s3tests.functional.test_s3" name="test_bucket_list_marker_none" time="1.192" /><testcase classname="s3tests.functional.test_s3" name="test_bucket_list_marker_empty" time="1.167" /><testcase classname="s3tests.functional.test_s3" name="test_bucket_listv2_continuationtoken_empty" time="1.169" /><testcase classname="s3tests.functional.test_s3" name="test_bucket_listv2_continuationtoken" time="1.197" /><testcase classname="s3tests.functional.test_s3" name="test_bucket_list_marker_unreadable" time="1.173" /><testcase classname="s3tests.functional.test_s3" name="test_bucket_listv2_startafter_unreadable" time="1.168" /><testcase classname="s3tests.functional.test_s3" name="test_bucket_list_marker_not_in_list" time="1.194" /><testcase classname="s3tests.functional.test_s3" name="test_bucket_listv2_startafter_not_in_list" time="1.174" /><testcase classname="s3tests.functional.test_s3" name="test_bucket_list_marker_after_list" time="1.176" /><testcase classname="s3tests.functional.test_s3" name="test_bucket_listv2_startafter_after_list" time="1.206" /><testcase classname="s3tests.functional.test_s3" name="test_bucket_notexist" time="0.041" /><testcase classname="s3tests.functional.test_s3" name="test_bucketv2_notexist" time="0.041" /><testcase classname="s3tests.functional.test_s3" name="test_bucket_delete_notexist" time="0.041" /><testcase classname="s3tests.functional.test_s3" name="test_bucket_delete_nonempty" time="0.390" /><testcase classname="s3tests.functional.test_s3" name="test_object_write_to_nonexist_bucket" time="0.041" /><testcase classname="s3tests.functional.test_s3" name="test_bucket_create_delete" time="0.068" /><testcase classname="s3tests.functional.test_s3" name="test_object_read_not_exist" time="0.092" /><testcase classname="s3tests.functional.test_s3" name="test_versioning_concurrent_multi_object_delete" time="4.925" /><testcase classname="s3tests.functional.test_s3" name="test_multi_object_delete" time="0.928" /><testcase classname="s3tests.functional.test_s3" name="test_multi_objectv2_delete" time="0.951" /><testcase classname="s3tests.functional.test_s3" name="test_object_head_zero_bytes" time="0.095" /><testcase classname="s3tests.functional.test_s3" name="test_object_write_check_etag" time="0.344" /><testcase classname="s3tests.functional.test_s3" name="test_object_write_cache_control" time="0.373" /><testcase classname="s3tests.functional.test_s3" name="test_object_write_expires" time="0.349" /><testcase classname="s3tests.functional.test_s3" name="test_object_write_read_update_read_delete" time="1.001" /><testcase classname="s3tests.functional.test_s3" name="test_object_set_get_metadata_none_to_good" time="0.569" /><testcase classname="s3tests.functional.test_s3" name="test_object_set_get_metadata_none_to_empty" time="0.541" /><testcase classname="s3tests.functional.test_s3" name="test_object_set_get_metadata_overwrite_to_empty" time="1.004" /><testcase classname="s3tests.functional.test_s3" name="test_object_metadata_replaced_on_put" time="0.806" /><testcase classname="s3tests.functional.test_s3" name="test_object_write_file" time="0.568" /><testcase classname="s3tests.functional.test_s3" name="test_get_object_ifmatch_good" time="0.541" /><testcase classname="s3tests.functional.test_s3" name="test_get_object_ifmatch_failed" time="0.349" /><testcase classname="s3tests.functional.test_s3" name="test_get_object_ifnonematch_good" time="0.372" /><testcase classname="s3tests.functional.test_s3" name="test_get_object_ifnonematch_failed" time="0.542" /><testcase classname="s3tests.functional.test_s3" name="test_get_object_ifmodifiedsince_good" time="0.538" /><testcase classname="s3tests.functional.test_s3" name="test_get_object_ifunmodifiedsince_failed" time="0.565" /><testcase classname="s3tests.functional.test_s3" name="test_bucket_head" time="0.069" /><testcase classname="s3tests.functional.test_s3" name="test_bucket_head_notexist" time="0.040" /><testcase classname="s3tests.functional.test_s3" name="test_object_put_authenticated" time="0.345" /><testcase classname="s3tests.functional.test_s3" name="test_bucket_create_naming_bad_short_one" time="0.060" /><testcase classname="s3tests.functional.test_s3" name="test_bucket_create_naming_bad_short_two" time="0.041" /><testcase classname="s3tests.functional.test_s3" name="test_bucket_create_naming_good_long_63" time="0.065" /><testcase classname="s3tests.functional.test_s3" name="test_bucket_create_exists" time="0.065" /><testcase classname="s3tests.functional.test_s3" name="test_buckets_create_then_list" time="0.194" /><testcase classname="s3tests.functional.test_s3" name="test_buckets_list_ctime" time="0.178" /><testcase classname="s3tests.functional.test_s3" name="test_list_buckets_invalid_auth" time="0.039" /><testcase classname="s3tests.functional.test_s3" name="test_list_buckets_bad_auth" time="0.065" /><testcase classname="s3tests.functional.test_s3" name="test_bucket_create_naming_good_starts_alpha" time="0.073" /><testcase classname="s3tests.functional.test_s3" name="test_bucket_create_naming_good_starts_digit" time="0.073" /><testcase classname="s3tests.functional.test_s3" name="test_bucket_create_naming_good_contains_period" time="0.062" /><testcase classname="s3tests.functional.test_s3" name="test_bucket_create_naming_good_contains_hyphen" time="0.086" /><testcase classname="s3tests.functional.test_s3" name="test_bucket_recreate_not_overriding" time="0.632" /><testcase classname="s3tests.functional.test_s3" name="test_bucket_list_special_prefix" time="1.453" /><testcase classname="s3tests.functional.test_s3" name="test_object_copy_to_itself" time="0.381" /><testcase classname="s3tests.functional.test_s3" name="test_object_copy_bucket_not_found" time="0.072" /><testcase classname="s3tests.functional.test_s3" name="test_object_copy_key_not_found" time="0.072" /><testcase classname="s3tests.functional.test_s3" name="test_multipart_upload_empty" time="0.109" /><testcase classname="s3tests.functional.test_s3" name="test_multipart_upload_multiple_sizes" time="8.182" /><testcase classname="s3tests.functional.test_s3" name="test_multipart_upload_size_too_small" time="2.732" /><testcase classname="s3tests.functional.test_s3" name="test_multipart_upload_overwrite_existing_object" time="3.146" /><testcase classname="s3tests.functional.test_s3" name="test_abort_multipart_upload" time="1.574" /><testcase classname="s3tests.functional.test_s3" name="test_abort_multipart_upload_not_found" time="0.106" /><testcase classname="s3tests.functional.test_s3" name="test_multipart_upload_missing_part" time="0.371" /><testcase classname="s3tests.functional.test_s3" name="test_multipart_upload_incorrect_etag" time="0.348" /><testcase classname="s3tests.functional.test_s3" name="test_set_bucket_tagging" time="0.096" /><testcase classname="s3tests.functional.test_s3" name="test_atomic_read_1mb" time="1.135" /><testcase classname="s3tests.functional.test_s3" name="test_atomic_read_4mb" time="1.397" /><testcase classname="s3tests.functional.test_s3" name="test_atomic_read_8mb" time="2.626" /><testcase classname="s3tests.functional.test_s3" name="test_atomic_write_1mb" time="1.704" /><testcase classname="s3tests.functional.test_s3" name="test_atomic_write_4mb" time="1.818" /><testcase classname="s3tests.functional.test_s3" name="test_atomic_write_8mb" time="3.494" /><testcase classname="s3tests.functional.test_s3" name="test_atomic_dual_write_1mb" time="1.497" /><testcase classname="s3tests.functional.test_s3" name="test_atomic_dual_write_4mb" time="2.023" /><testcase classname="s3tests.functional.test_s3" name="test_atomic_dual_write_8mb" time="3.681" /><testcase classname="s3tests.functional.test_s3" name="test_atomic_multipart_upload_write" time="0.781" /><testcase classname="s3tests.functional.test_s3" name="test_ranged_request_invalid_range" time="0.372" /><testcase classname="s3tests.functional.test_s3" name="test_ranged_request_empty_object" time="0.098" /><testcase classname="s3tests.functional.test_s3" name="test_versioning_bucket_create_suspend" time="0.134" /><testcase classname="s3tests.functional.test_s3" name="test_versioning_obj_create_read_remove" time="25.829" /><testcase classname="s3tests.functional.test_s3" name="test_versioning_obj_create_read_remove_head" time="1.666" /><testcase classname="s3tests.functional.test_s3" name="test_versioning_obj_plain_null_version_removal" time="0.374" /><testcase classname="s3tests.functional.test_s3" name="test_versioning_obj_plain_null_version_overwrite" time="1.064" /><testcase classname="s3tests.functional.test_s3" name="test_versioning_obj_plain_null_version_overwrite_suspended" time="0.850" /><testcase classname="s3tests.functional.test_s3" name="test_versioning_obj_suspend_versions" time="10.152" /><testcase classname="s3tests.functional.test_s3" name="test_versioning_obj_create_versions_remove_all" time="13.526" /><testcase classname="s3tests.functional.test_s3" name="test_versioning_obj_create_versions_remove_special_names" time="53.746" /><testcase classname="s3tests.functional.test_s3" name="test_versioning_obj_list_marker" time="4.765" /><testcase classname="s3tests.functional.test_s3" name="test_versioning_multi_object_delete" time="0.683" /><testcase classname="s3tests.functional.test_s3" name="test_versioning_multi_object_delete_with_marker" time="0.690" /><testcase classname="s3tests.functional.test_s3" name="test_versioned_concurrent_object_create_concurrent_remove" time="2.095" /><testcase classname="s3tests.functional.test_s3" name="test_versioned_concurrent_object_create_and_remove" time="1.665" /><testcase classname="s3tests.functional.test_s3" name="test_set_multipart_tagging" time="0.411" /><testcase classname="s3tests.functional.test_s3" name="test_get_obj_head_tagging" time="0.937" /><testcase classname="s3tests.functional.test_s3" name="test_put_excess_tags" time="0.952" /><testcase classname="s3tests.functional.test_s3" name="test_put_max_kvsize_tags" time="0.937" /><testcase classname="s3tests.functional.test_s3" name="test_put_excess_key_tags" time="0.927" /><testcase classname="s3tests.functional.test_s3" name="test_put_excess_val_tags" time="0.962" /><testcase classname="s3tests.functional.test_s3" name="test_versioning_bucket_atomic_upload_return_version_id" time="0.225" /><testcase classname="s3tests.functional.test_s3" name="test_versioning_bucket_multipart_upload_return_version_id" time="13.652" /><testcase classname="s3tests.functional.test_s3" name="test_object_lock_put_obj_lock_invalid_bucket" time="0.090" /><testcase classname="s3tests.functional.test_s3" name="test_object_lock_put_obj_lock_enable_after_create" time="0.117" /><testcase classname="s3tests.functional.test_s3" name="test_object_lock_get_obj_lock_invalid_bucket" time="0.068" /><testcase classname="s3tests.functional.test_s3" name="test_object_lock_put_obj_retention_invalid_bucket" time="0.369" /><testcase classname="s3tests.functional.test_s3" name="test_object_lock_get_obj_retention_invalid_bucket" time="0.347" /><testcase classname="s3tests.functional.test_s3" name="test_object_lock_put_legal_hold_invalid_bucket" time="0.346" /><testcase classname="s3tests.functional.test_s3" name="test_object_lock_get_legal_hold_invalid_bucket" time="0.348" /><testcase classname="s3tests.functional.test_s3" name="test_upload_part_copy_percent_encoded_key" time="0.860" /></testsuite></testsuites>